{"C:\\Users\\vedjain\\Desktop\\Scan\\simpleDirectTask\\constants.js": {"path":"C:\\Users\\vedjain\\Desktop\\Scan\\simpleDirectTask\\constants.js","statementMap":{"0":{"start":{"line":1,"column":14},"end":{"line":1,"column":21}},"1":{"start":{"line":2,"column":16},"end":{"line":2,"column":25}},"2":{"start":{"line":3,"column":16},"end":{"line":3,"column":25}},"3":{"start":{"line":4,"column":15},"end":{"line":4,"column":23}},"4":{"start":{"line":5,"column":17},"end":{"line":5,"column":27}},"5":{"start":{"line":6,"column":18},"end":{"line":6,"column":29}},"6":{"start":{"line":8,"column":0},"end":{"line":15,"column":1}}},"fnMap":{},"branchMap":{},"s":{"0":1,"1":1,"2":1,"3":1,"4":1,"5":1,"6":1},"f":{},"b":{},"_coverageSchema":"1a1c01bbd47fc00a2c39e90264f33305004495a9","hash":"4ae6659434681d21dbea5e368076c2d496006fd3"}
,"C:\\Users\\vedjain\\Desktop\\Scan\\simpleDirectTask\\index.js": {"path":"C:\\Users\\vedjain\\Desktop\\Scan\\simpleDirectTask\\index.js","statementMap":{"0":{"start":{"line":1,"column":0},"end":{"line":1,"column":26}},"1":{"start":{"line":2,"column":16},"end":{"line":2,"column":34}},"2":{"start":{"line":3,"column":13},"end":{"line":3,"column":33}},"3":{"start":{"line":4,"column":12},"end":{"line":4,"column":21}},"4":{"start":{"line":5,"column":15},"end":{"line":5,"column":31}},"5":{"start":{"line":6,"column":13},"end":{"line":6,"column":37}},"6":{"start":{"line":7,"column":21},"end":{"line":7,"column":49}},"7":{"start":{"line":9,"column":1},"end":{"line":16,"column":4}},"8":{"start":{"line":10,"column":4},"end":{"line":15,"column":5}},"9":{"start":{"line":11,"column":8},"end":{"line":11,"column":41}},"10":{"start":{"line":12,"column":8},"end":{"line":12,"column":42}},"11":{"start":{"line":14,"column":8},"end":{"line":14,"column":73}},"12":{"start":{"line":17,"column":0},"end":{"line":17,"column":15}},"13":{"start":{"line":18,"column":21},"end":{"line":18,"column":38}},"14":{"start":{"line":19,"column":0},"end":{"line":24,"column":1}},"15":{"start":{"line":20,"column":4},"end":{"line":23,"column":7}},"16":{"start":{"line":21,"column":8},"end":{"line":21,"column":51}},"17":{"start":{"line":22,"column":8},"end":{"line":22,"column":22}},"18":{"start":{"line":26,"column":0},"end":{"line":26,"column":25}},"19":{"start":{"line":28,"column":0},"end":{"line":28,"column":34}},"20":{"start":{"line":29,"column":0},"end":{"line":29,"column":21}},"21":{"start":{"line":30,"column":0},"end":{"line":34,"column":1}},"22":{"start":{"line":31,"column":4},"end":{"line":33,"column":6}},"23":{"start":{"line":32,"column":8},"end":{"line":32,"column":60}},"24":{"start":{"line":36,"column":0},"end":{"line":36,"column":20}}},"fnMap":{"0":{"name":"(anonymous_0)","decl":{"start":{"line":9,"column":2},"end":{"line":9,"column":3}},"loc":{"start":{"line":9,"column":14},"end":{"line":16,"column":1}},"line":9},"1":{"name":"(anonymous_1)","decl":{"start":{"line":20,"column":34},"end":{"line":20,"column":35}},"loc":{"start":{"line":20,"column":40},"end":{"line":23,"column":5}},"line":20},"2":{"name":"(anonymous_2)","decl":{"start":{"line":31,"column":21},"end":{"line":31,"column":22}},"loc":{"start":{"line":31,"column":27},"end":{"line":33,"column":5}},"line":31}},"branchMap":{"0":{"loc":{"start":{"line":6,"column":13},"end":{"line":6,"column":37}},"type":"binary-expr","locations":[{"start":{"line":6,"column":13},"end":{"line":6,"column":29}},{"start":{"line":6,"column":33},"end":{"line":6,"column":37}}],"line":6},"1":{"loc":{"start":{"line":19,"column":0},"end":{"line":24,"column":1}},"type":"if","locations":[{"start":{"line":19,"column":0},"end":{"line":24,"column":1}},{"start":{"line":19,"column":0},"end":{"line":24,"column":1}}],"line":19},"2":{"loc":{"start":{"line":30,"column":0},"end":{"line":34,"column":1}},"type":"if","locations":[{"start":{"line":30,"column":0},"end":{"line":34,"column":1}},{"start":{"line":30,"column":0},"end":{"line":34,"column":1}}],"line":30}},"s":{"0":1,"1":1,"2":1,"3":1,"4":1,"5":1,"6":1,"7":1,"8":1,"9":1,"10":1,"11":0,"12":1,"13":1,"14":1,"15":0,"16":0,"17":0,"18":1,"19":1,"20":1,"21":1,"22":0,"23":0,"24":1},"f":{"0":1,"1":0,"2":0},"b":{"0":[1,1],"1":[0,1],"2":[0,1]},"_coverageSchema":"1a1c01bbd47fc00a2c39e90264f33305004495a9","hash":"45ae1e8d4041ba98347b349f144f649494a016b5"}
,"C:\\Users\\vedjain\\Desktop\\Scan\\simpleDirectTask\\config\\axiosConfig.js": {"path":"C:\\Users\\vedjain\\Desktop\\Scan\\simpleDirectTask\\config\\axiosConfig.js","statementMap":{"0":{"start":{"line":1,"column":14},"end":{"line":1,"column":30}},"1":{"start":{"line":3,"column":17},"end":{"line":7,"column":1}},"2":{"start":{"line":9,"column":0},"end":{"line":9,"column":25}}},"fnMap":{},"branchMap":{},"s":{"0":1,"1":1,"2":1},"f":{},"b":{},"_coverageSchema":"1a1c01bbd47fc00a2c39e90264f33305004495a9","hash":"8ce1bd0ed354b8d0a72099f5f977fc628ab134f5"}
,"C:\\Users\\vedjain\\Desktop\\Scan\\simpleDirectTask\\config\\dbConfig.js": {"path":"C:\\Users\\vedjain\\Desktop\\Scan\\simpleDirectTask\\config\\dbConfig.js","statementMap":{"0":{"start":{"line":1,"column":0},"end":{"line":1,"column":26}},"1":{"start":{"line":2,"column":18},"end":{"line":2,"column":38}},"2":{"start":{"line":3,"column":65},"end":{"line":3,"column":76}},"3":{"start":{"line":5,"column":21},"end":{"line":16,"column":4}},"4":{"start":{"line":17,"column":0},"end":{"line":17,"column":29}}},"fnMap":{},"branchMap":{},"s":{"0":1,"1":1,"2":1,"3":1,"4":1},"f":{},"b":{},"_coverageSchema":"1a1c01bbd47fc00a2c39e90264f33305004495a9","hash":"455c1d68e0e90434f51d3d84edf0d9f3f96a7e5e"}
,"C:\\Users\\vedjain\\Desktop\\Scan\\simpleDirectTask\\config\\routes.js": {"path":"C:\\Users\\vedjain\\Desktop\\Scan\\simpleDirectTask\\config\\routes.js","statementMap":{"0":{"start":{"line":1,"column":17},"end":{"line":1,"column":43}},"1":{"start":{"line":2,"column":65},"end":{"line":2,"column":88}},"2":{"start":{"line":4,"column":16},"end":{"line":6,"column":1}},"3":{"start":{"line":5,"column":4},"end":{"line":5,"column":42}},"4":{"start":{"line":8,"column":23},"end":{"line":35,"column":1}},"5":{"start":{"line":9,"column":23},"end":{"line":9,"column":33}},"6":{"start":{"line":10,"column":27},"end":{"line":10,"column":36}},"7":{"start":{"line":11,"column":21},"end":{"line":11,"column":75}},"8":{"start":{"line":12,"column":4},"end":{"line":15,"column":5}},"9":{"start":{"line":13,"column":8},"end":{"line":13,"column":70}},"10":{"start":{"line":14,"column":8},"end":{"line":14,"column":14}},"11":{"start":{"line":16,"column":4},"end":{"line":18,"column":5}},"12":{"start":{"line":17,"column":8},"end":{"line":17,"column":19}},"13":{"start":{"line":19,"column":4},"end":{"line":22,"column":5}},"14":{"start":{"line":20,"column":8},"end":{"line":20,"column":78}},"15":{"start":{"line":21,"column":8},"end":{"line":21,"column":14}},"16":{"start":{"line":23,"column":4},"end":{"line":23,"column":24}},"17":{"start":{"line":24,"column":4},"end":{"line":24,"column":29}},"18":{"start":{"line":25,"column":4},"end":{"line":34,"column":5}},"19":{"start":{"line":26,"column":24},"end":{"line":26,"column":60}},"20":{"start":{"line":27,"column":8},"end":{"line":31,"column":9}},"21":{"start":{"line":28,"column":12},"end":{"line":28,"column":68}},"22":{"start":{"line":30,"column":12},"end":{"line":30,"column":58}},"23":{"start":{"line":33,"column":8},"end":{"line":33,"column":90}},"24":{"start":{"line":37,"column":0},"end":{"line":40,"column":1}},"25":{"start":{"line":38,"column":4},"end":{"line":39,"column":49}}},"fnMap":{"0":{"name":"(anonymous_0)","decl":{"start":{"line":4,"column":16},"end":{"line":4,"column":17}},"loc":{"start":{"line":4,"column":36},"end":{"line":6,"column":1}},"line":4},"1":{"name":"(anonymous_1)","decl":{"start":{"line":8,"column":23},"end":{"line":8,"column":24}},"loc":{"start":{"line":8,"column":43},"end":{"line":35,"column":1}},"line":8},"2":{"name":"(anonymous_2)","decl":{"start":{"line":37,"column":17},"end":{"line":37,"column":18}},"loc":{"start":{"line":37,"column":27},"end":{"line":40,"column":1}},"line":37}},"branchMap":{"0":{"loc":{"start":{"line":12,"column":4},"end":{"line":15,"column":5}},"type":"if","locations":[{"start":{"line":12,"column":4},"end":{"line":15,"column":5}},{"start":{"line":12,"column":4},"end":{"line":15,"column":5}}],"line":12},"1":{"loc":{"start":{"line":16,"column":4},"end":{"line":18,"column":5}},"type":"if","locations":[{"start":{"line":16,"column":4},"end":{"line":18,"column":5}},{"start":{"line":16,"column":4},"end":{"line":18,"column":5}}],"line":16},"2":{"loc":{"start":{"line":19,"column":4},"end":{"line":22,"column":5}},"type":"if","locations":[{"start":{"line":19,"column":4},"end":{"line":22,"column":5}},{"start":{"line":19,"column":4},"end":{"line":22,"column":5}}],"line":19},"3":{"loc":{"start":{"line":19,"column":8},"end":{"line":19,"column":69}},"type":"binary-expr","locations":[{"start":{"line":19,"column":8},"end":{"line":19,"column":36}},{"start":{"line":19,"column":40},"end":{"line":19,"column":69}}],"line":19},"4":{"loc":{"start":{"line":23,"column":11},"end":{"line":23,"column":24}},"type":"binary-expr","locations":[{"start":{"line":23,"column":11},"end":{"line":23,"column":15}},{"start":{"line":23,"column":19},"end":{"line":23,"column":24}}],"line":23},"5":{"loc":{"start":{"line":27,"column":8},"end":{"line":31,"column":9}},"type":"if","locations":[{"start":{"line":27,"column":8},"end":{"line":31,"column":9}},{"start":{"line":27,"column":8},"end":{"line":31,"column":9}}],"line":27},"6":{"loc":{"start":{"line":27,"column":12},"end":{"line":27,"column":37}},"type":"binary-expr","locations":[{"start":{"line":27,"column":12},"end":{"line":27,"column":19}},{"start":{"line":27,"column":23},"end":{"line":27,"column":37}}],"line":27}},"s":{"0":1,"1":1,"2":1,"3":1,"4":1,"5":9,"6":9,"7":9,"8":9,"9":1,"10":1,"11":8,"12":0,"13":8,"14":1,"15":1,"16":7,"17":7,"18":7,"19":7,"20":7,"21":6,"22":1,"23":0,"24":1,"25":1},"f":{"0":1,"1":9,"2":1},"b":{"0":[1,8],"1":[0,8],"2":[1,7],"3":[8,8],"4":[7,0],"5":[6,1],"6":[7,7]},"_coverageSchema":"1a1c01bbd47fc00a2c39e90264f33305004495a9","hash":"309ae4e8056a63eba1c6690d9de92393212d26f5"}
,"C:\\Users\\vedjain\\Desktop\\Scan\\simpleDirectTask\\cron\\index.js": {"path":"C:\\Users\\vedjain\\Desktop\\Scan\\simpleDirectTask\\cron\\index.js","statementMap":{"0":{"start":{"line":1,"column":17},"end":{"line":1,"column":49}},"1":{"start":{"line":2,"column":15},"end":{"line":2,"column":39}},"2":{"start":{"line":3,"column":65},"end":{"line":3,"column":88}},"3":{"start":{"line":5,"column":22},"end":{"line":11,"column":1}},"4":{"start":{"line":6,"column":21},"end":{"line":6,"column":53}},"5":{"start":{"line":7,"column":4},"end":{"line":9,"column":5}},"6":{"start":{"line":8,"column":8},"end":{"line":8,"column":23}},"7":{"start":{"line":10,"column":4},"end":{"line":10,"column":21}},"8":{"start":{"line":13,"column":33},"end":{"line":20,"column":1}},"9":{"start":{"line":14,"column":4},"end":{"line":19,"column":5}},"10":{"start":{"line":14,"column":17},"end":{"line":14,"column":18}},"11":{"start":{"line":15,"column":32},"end":{"line":15,"column":71}},"12":{"start":{"line":16,"column":8},"end":{"line":18,"column":9}},"13":{"start":{"line":17,"column":12},"end":{"line":17,"column":71}},"14":{"start":{"line":22,"column":21},"end":{"line":47,"column":1}},"15":{"start":{"line":23,"column":15},"end":{"line":23,"column":17}},"16":{"start":{"line":24,"column":22},"end":{"line":24,"column":24}},"17":{"start":{"line":25,"column":21},"end":{"line":25,"column":75}},"18":{"start":{"line":26,"column":4},"end":{"line":41,"column":5}},"19":{"start":{"line":26,"column":17},"end":{"line":26,"column":18}},"20":{"start":{"line":27,"column":21},"end":{"line":27,"column":32}},"21":{"start":{"line":28,"column":8},"end":{"line":40,"column":9}},"22":{"start":{"line":29,"column":29},"end":{"line":29,"column":53}},"23":{"start":{"line":30,"column":12},"end":{"line":32,"column":13}},"24":{"start":{"line":31,"column":16},"end":{"line":31,"column":55}},"25":{"start":{"line":33,"column":12},"end":{"line":36,"column":13}},"26":{"start":{"line":34,"column":35},"end":{"line":34,"column":80}},"27":{"start":{"line":35,"column":16},"end":{"line":35,"column":76}},"28":{"start":{"line":38,"column":12},"end":{"line":38,"column":26}},"29":{"start":{"line":39,"column":12},"end":{"line":39,"column":114}},"30":{"start":{"line":42,"column":4},"end":{"line":46,"column":5}},"31":{"start":{"line":43,"column":8},"end":{"line":43,"column":26}},"32":{"start":{"line":45,"column":8},"end":{"line":45,"column":22}},"33":{"start":{"line":49,"column":0},"end":{"line":49,"column":29}}},"fnMap":{"0":{"name":"(anonymous_0)","decl":{"start":{"line":5,"column":22},"end":{"line":5,"column":23}},"loc":{"start":{"line":5,"column":51},"end":{"line":11,"column":1}},"line":5},"1":{"name":"(anonymous_1)","decl":{"start":{"line":13,"column":33},"end":{"line":13,"column":34}},"loc":{"start":{"line":13,"column":71},"end":{"line":20,"column":1}},"line":13},"2":{"name":"(anonymous_2)","decl":{"start":{"line":22,"column":21},"end":{"line":22,"column":22}},"loc":{"start":{"line":22,"column":33},"end":{"line":47,"column":1}},"line":22}},"branchMap":{"0":{"loc":{"start":{"line":7,"column":4},"end":{"line":9,"column":5}},"type":"if","locations":[{"start":{"line":7,"column":4},"end":{"line":9,"column":5}},{"start":{"line":7,"column":4},"end":{"line":9,"column":5}}],"line":7},"1":{"loc":{"start":{"line":16,"column":8},"end":{"line":18,"column":9}},"type":"if","locations":[{"start":{"line":16,"column":8},"end":{"line":18,"column":9}},{"start":{"line":16,"column":8},"end":{"line":18,"column":9}}],"line":16},"2":{"loc":{"start":{"line":16,"column":12},"end":{"line":16,"column":64}},"type":"binary-expr","locations":[{"start":{"line":16,"column":12},"end":{"line":16,"column":32}},{"start":{"line":16,"column":36},"end":{"line":16,"column":64}}],"line":16},"3":{"loc":{"start":{"line":30,"column":12},"end":{"line":32,"column":13}},"type":"if","locations":[{"start":{"line":30,"column":12},"end":{"line":32,"column":13}},{"start":{"line":30,"column":12},"end":{"line":32,"column":13}}],"line":30},"4":{"loc":{"start":{"line":30,"column":16},"end":{"line":30,"column":54}},"type":"binary-expr","locations":[{"start":{"line":30,"column":16},"end":{"line":30,"column":29}},{"start":{"line":30,"column":33},"end":{"line":30,"column":54}}],"line":30},"5":{"loc":{"start":{"line":33,"column":12},"end":{"line":36,"column":13}},"type":"if","locations":[{"start":{"line":33,"column":12},"end":{"line":36,"column":13}},{"start":{"line":33,"column":12},"end":{"line":36,"column":13}}],"line":33},"6":{"loc":{"start":{"line":33,"column":16},"end":{"line":33,"column":64}},"type":"binary-expr","locations":[{"start":{"line":33,"column":16},"end":{"line":33,"column":29}},{"start":{"line":33,"column":33},"end":{"line":33,"column":64}}],"line":33}},"s":{"0":1,"1":1,"2":1,"3":1,"4":0,"5":0,"6":0,"7":0,"8":1,"9":0,"10":0,"11":0,"12":0,"13":0,"14":1,"15":0,"16":0,"17":0,"18":0,"19":0,"20":0,"21":0,"22":0,"23":0,"24":0,"25":0,"26":0,"27":0,"28":0,"29":0,"30":0,"31":0,"32":0,"33":1},"f":{"0":0,"1":0,"2":0},"b":{"0":[0,0],"1":[0,0],"2":[0,0],"3":[0,0],"4":[0,0],"5":[0,0],"6":[0,0]},"_coverageSchema":"1a1c01bbd47fc00a2c39e90264f33305004495a9","hash":"b3dcd111589068c4f0d94345eb69ed192b69eccd"}
,"C:\\Users\\vedjain\\Desktop\\Scan\\simpleDirectTask\\dao\\queryDao.js": {"path":"C:\\Users\\vedjain\\Desktop\\Scan\\simpleDirectTask\\dao\\queryDao.js","statementMap":{"0":{"start":{"line":1,"column":18},"end":{"line":1,"column":38}},"1":{"start":{"line":2,"column":11},"end":{"line":2,"column":23}},"2":{"start":{"line":4,"column":13},"end":{"line":4,"column":38}},"3":{"start":{"line":5,"column":15},"end":{"line":5,"column":42}},"4":{"start":{"line":6,"column":15},"end":{"line":6,"column":42}},"5":{"start":{"line":7,"column":15},"end":{"line":7,"column":42}},"6":{"start":{"line":8,"column":16},"end":{"line":8,"column":44}},"7":{"start":{"line":9,"column":17},"end":{"line":9,"column":46}},"8":{"start":{"line":11,"column":65},"end":{"line":11,"column":88}},"9":{"start":{"line":13,"column":17},"end":{"line":102,"column":1}},"10":{"start":{"line":14,"column":4},"end":{"line":101,"column":5}},"11":{"start":{"line":16,"column":12},"end":{"line":27,"column":13}},"12":{"start":{"line":28,"column":12},"end":{"line":28,"column":17}},"13":{"start":{"line":30,"column":12},"end":{"line":41,"column":13}},"14":{"start":{"line":42,"column":12},"end":{"line":42,"column":17}},"15":{"start":{"line":44,"column":12},"end":{"line":55,"column":13}},"16":{"start":{"line":56,"column":12},"end":{"line":56,"column":17}},"17":{"start":{"line":58,"column":12},"end":{"line":69,"column":13}},"18":{"start":{"line":70,"column":12},"end":{"line":70,"column":17}},"19":{"start":{"line":72,"column":12},"end":{"line":83,"column":13}},"20":{"start":{"line":84,"column":12},"end":{"line":84,"column":17}},"21":{"start":{"line":86,"column":12},"end":{"line":97,"column":13}},"22":{"start":{"line":98,"column":12},"end":{"line":98,"column":17}},"23":{"start":{"line":100,"column":12},"end":{"line":100,"column":23}},"24":{"start":{"line":104,"column":0},"end":{"line":104,"column":25}}},"fnMap":{"0":{"name":"(anonymous_0)","decl":{"start":{"line":13,"column":17},"end":{"line":13,"column":18}},"loc":{"start":{"line":13,"column":49},"end":{"line":102,"column":1}},"line":13}},"branchMap":{"0":{"loc":{"start":{"line":14,"column":4},"end":{"line":101,"column":5}},"type":"switch","locations":[{"start":{"line":15,"column":8},"end":{"line":28,"column":17}},{"start":{"line":29,"column":8},"end":{"line":42,"column":17}},{"start":{"line":43,"column":8},"end":{"line":56,"column":17}},{"start":{"line":57,"column":8},"end":{"line":70,"column":17}},{"start":{"line":71,"column":8},"end":{"line":84,"column":17}},{"start":{"line":85,"column":8},"end":{"line":98,"column":17}},{"start":{"line":99,"column":8},"end":{"line":100,"column":23}}],"line":14}},"s":{"0":1,"1":1,"2":1,"3":1,"4":1,"5":1,"6":1,"7":1,"8":1,"9":1,"10":7,"11":2,"12":0,"13":1,"14":0,"15":1,"16":0,"17":1,"18":0,"19":1,"20":0,"21":1,"22":0,"23":0,"24":1},"f":{"0":7},"b":{"0":[2,1,1,1,1,1,0]},"_coverageSchema":"1a1c01bbd47fc00a2c39e90264f33305004495a9","hash":"f1b01c9f428087f6d4e460805c5a8e54c107f368"}
,"C:\\Users\\vedjain\\Desktop\\Scan\\simpleDirectTask\\dao\\syncDb.js": {"path":"C:\\Users\\vedjain\\Desktop\\Scan\\simpleDirectTask\\dao\\syncDb.js","statementMap":{"0":{"start":{"line":1,"column":13},"end":{"line":1,"column":38}},"1":{"start":{"line":2,"column":15},"end":{"line":2,"column":42}},"2":{"start":{"line":3,"column":15},"end":{"line":3,"column":42}},"3":{"start":{"line":4,"column":15},"end":{"line":4,"column":42}},"4":{"start":{"line":5,"column":16},"end":{"line":5,"column":44}},"5":{"start":{"line":6,"column":17},"end":{"line":6,"column":46}},"6":{"start":{"line":7,"column":10},"end":{"line":7,"column":27}},"7":{"start":{"line":8,"column":21},"end":{"line":8,"column":50}},"8":{"start":{"line":10,"column":21},"end":{"line":17,"column":1}},"9":{"start":{"line":11,"column":4},"end":{"line":13,"column":5}},"10":{"start":{"line":12,"column":8},"end":{"line":12,"column":19}},"11":{"start":{"line":14,"column":4},"end":{"line":14,"column":24}},"12":{"start":{"line":15,"column":4},"end":{"line":15,"column":13}},"13":{"start":{"line":16,"column":4},"end":{"line":16,"column":20}},"14":{"start":{"line":19,"column":15},"end":{"line":30,"column":1}},"15":{"start":{"line":20,"column":69},"end":{"line":20,"column":73}},"16":{"start":{"line":21,"column":4},"end":{"line":29,"column":6}},"17":{"start":{"line":22,"column":8},"end":{"line":22,"column":27}},"18":{"start":{"line":23,"column":8},"end":{"line":23,"column":35}},"19":{"start":{"line":24,"column":8},"end":{"line":24,"column":39}},"20":{"start":{"line":25,"column":8},"end":{"line":25,"column":39}},"21":{"start":{"line":26,"column":8},"end":{"line":26,"column":37}},"22":{"start":{"line":27,"column":8},"end":{"line":27,"column":41}},"23":{"start":{"line":28,"column":8},"end":{"line":28,"column":43}},"24":{"start":{"line":32,"column":19},"end":{"line":51,"column":1}},"25":{"start":{"line":33,"column":4},"end":{"line":33,"column":71}},"26":{"start":{"line":34,"column":4},"end":{"line":34,"column":30}},"27":{"start":{"line":35,"column":4},"end":{"line":35,"column":71}},"28":{"start":{"line":36,"column":4},"end":{"line":36,"column":70}},"29":{"start":{"line":37,"column":4},"end":{"line":37,"column":29}},"30":{"start":{"line":38,"column":4},"end":{"line":38,"column":70}},"31":{"start":{"line":39,"column":4},"end":{"line":39,"column":69}},"32":{"start":{"line":40,"column":4},"end":{"line":40,"column":28}},"33":{"start":{"line":41,"column":4},"end":{"line":41,"column":69}},"34":{"start":{"line":42,"column":4},"end":{"line":42,"column":69}},"35":{"start":{"line":43,"column":4},"end":{"line":43,"column":28}},"36":{"start":{"line":44,"column":4},"end":{"line":44,"column":69}},"37":{"start":{"line":45,"column":4},"end":{"line":45,"column":69}},"38":{"start":{"line":46,"column":4},"end":{"line":46,"column":28}},"39":{"start":{"line":47,"column":4},"end":{"line":47,"column":69}},"40":{"start":{"line":48,"column":4},"end":{"line":48,"column":67}},"41":{"start":{"line":49,"column":4},"end":{"line":49,"column":26}},"42":{"start":{"line":50,"column":4},"end":{"line":50,"column":67}},"43":{"start":{"line":53,"column":20},"end":{"line":72,"column":1}},"44":{"start":{"line":54,"column":20},"end":{"line":54,"column":22}},"45":{"start":{"line":55,"column":4},"end":{"line":70,"column":5}},"46":{"start":{"line":55,"column":14},"end":{"line":55,"column":15}},"47":{"start":{"line":56,"column":25},"end":{"line":56,"column":33}},"48":{"start":{"line":57,"column":27},"end":{"line":67,"column":10}},"49":{"start":{"line":68,"column":8},"end":{"line":68,"column":56}},"50":{"start":{"line":69,"column":8},"end":{"line":69,"column":34}},"51":{"start":{"line":71,"column":4},"end":{"line":71,"column":56}},"52":{"start":{"line":74,"column":22},"end":{"line":96,"column":1}},"53":{"start":{"line":75,"column":24},"end":{"line":75,"column":26}},"54":{"start":{"line":76,"column":4},"end":{"line":94,"column":5}},"55":{"start":{"line":76,"column":14},"end":{"line":76,"column":15}},"56":{"start":{"line":77,"column":27},"end":{"line":77,"column":37}},"57":{"start":{"line":78,"column":26},"end":{"line":91,"column":10}},"58":{"start":{"line":92,"column":8},"end":{"line":92,"column":56}},"59":{"start":{"line":93,"column":8},"end":{"line":93,"column":35}},"60":{"start":{"line":95,"column":4},"end":{"line":95,"column":60}},"61":{"start":{"line":98,"column":22},"end":{"line":120,"column":1}},"62":{"start":{"line":99,"column":24},"end":{"line":99,"column":26}},"63":{"start":{"line":100,"column":4},"end":{"line":118,"column":5}},"64":{"start":{"line":100,"column":14},"end":{"line":100,"column":15}},"65":{"start":{"line":101,"column":27},"end":{"line":101,"column":37}},"66":{"start":{"line":102,"column":26},"end":{"line":114,"column":10}},"67":{"start":{"line":115,"column":8},"end":{"line":115,"column":63}},"68":{"start":{"line":116,"column":8},"end":{"line":116,"column":57}},"69":{"start":{"line":117,"column":8},"end":{"line":117,"column":35}},"70":{"start":{"line":119,"column":4},"end":{"line":119,"column":60}},"71":{"start":{"line":122,"column":21},"end":{"line":144,"column":1}},"72":{"start":{"line":123,"column":23},"end":{"line":123,"column":25}},"73":{"start":{"line":124,"column":4},"end":{"line":142,"column":5}},"74":{"start":{"line":124,"column":14},"end":{"line":124,"column":15}},"75":{"start":{"line":125,"column":27},"end":{"line":125,"column":36}},"76":{"start":{"line":126,"column":26},"end":{"line":138,"column":10}},"77":{"start":{"line":139,"column":8},"end":{"line":139,"column":63}},"78":{"start":{"line":140,"column":8},"end":{"line":140,"column":57}},"79":{"start":{"line":141,"column":8},"end":{"line":141,"column":34}},"80":{"start":{"line":143,"column":4},"end":{"line":143,"column":59}},"81":{"start":{"line":146,"column":23},"end":{"line":170,"column":1}},"82":{"start":{"line":147,"column":25},"end":{"line":147,"column":27}},"83":{"start":{"line":148,"column":4},"end":{"line":168,"column":5}},"84":{"start":{"line":148,"column":14},"end":{"line":148,"column":15}},"85":{"start":{"line":149,"column":28},"end":{"line":149,"column":39}},"86":{"start":{"line":150,"column":27},"end":{"line":165,"column":10}},"87":{"start":{"line":166,"column":8},"end":{"line":166,"column":60}},"88":{"start":{"line":167,"column":8},"end":{"line":167,"column":37}},"89":{"start":{"line":169,"column":4},"end":{"line":169,"column":62}},"90":{"start":{"line":172,"column":24},"end":{"line":198,"column":1}},"91":{"start":{"line":173,"column":26},"end":{"line":173,"column":28}},"92":{"start":{"line":174,"column":4},"end":{"line":196,"column":5}},"93":{"start":{"line":174,"column":14},"end":{"line":174,"column":15}},"94":{"start":{"line":175,"column":29},"end":{"line":175,"column":41}},"95":{"start":{"line":176,"column":28},"end":{"line":193,"column":10}},"96":{"start":{"line":194,"column":8},"end":{"line":194,"column":63}},"97":{"start":{"line":195,"column":8},"end":{"line":195,"column":39}},"98":{"start":{"line":197,"column":4},"end":{"line":197,"column":64}},"99":{"start":{"line":200,"column":0},"end":{"line":200,"column":23}}},"fnMap":{"0":{"name":"(anonymous_0)","decl":{"start":{"line":10,"column":21},"end":{"line":10,"column":22}},"loc":{"start":{"line":10,"column":30},"end":{"line":17,"column":1}},"line":10},"1":{"name":"(anonymous_1)","decl":{"start":{"line":19,"column":15},"end":{"line":19,"column":16}},"loc":{"start":{"line":19,"column":31},"end":{"line":30,"column":1}},"line":19},"2":{"name":"(anonymous_2)","decl":{"start":{"line":21,"column":35},"end":{"line":21,"column":36}},"loc":{"start":{"line":21,"column":46},"end":{"line":29,"column":5}},"line":21},"3":{"name":"(anonymous_3)","decl":{"start":{"line":32,"column":19},"end":{"line":32,"column":20}},"loc":{"start":{"line":32,"column":32},"end":{"line":51,"column":1}},"line":32},"4":{"name":"(anonymous_4)","decl":{"start":{"line":53,"column":20},"end":{"line":53,"column":21}},"loc":{"start":{"line":53,"column":40},"end":{"line":72,"column":1}},"line":53},"5":{"name":"(anonymous_5)","decl":{"start":{"line":74,"column":22},"end":{"line":74,"column":23}},"loc":{"start":{"line":74,"column":44},"end":{"line":96,"column":1}},"line":74},"6":{"name":"(anonymous_6)","decl":{"start":{"line":98,"column":22},"end":{"line":98,"column":23}},"loc":{"start":{"line":98,"column":44},"end":{"line":120,"column":1}},"line":98},"7":{"name":"(anonymous_7)","decl":{"start":{"line":122,"column":21},"end":{"line":122,"column":22}},"loc":{"start":{"line":122,"column":42},"end":{"line":144,"column":1}},"line":122},"8":{"name":"(anonymous_8)","decl":{"start":{"line":146,"column":23},"end":{"line":146,"column":24}},"loc":{"start":{"line":146,"column":46},"end":{"line":170,"column":1}},"line":146},"9":{"name":"(anonymous_9)","decl":{"start":{"line":172,"column":24},"end":{"line":172,"column":25}},"loc":{"start":{"line":172,"column":48},"end":{"line":198,"column":1}},"line":172}},"branchMap":{"0":{"loc":{"start":{"line":11,"column":4},"end":{"line":13,"column":5}},"type":"if","locations":[{"start":{"line":11,"column":4},"end":{"line":13,"column":5}},{"start":{"line":11,"column":4},"end":{"line":13,"column":5}}],"line":11}},"s":{"0":1,"1":1,"2":1,"3":1,"4":1,"5":1,"6":1,"7":1,"8":1,"9":0,"10":0,"11":0,"12":0,"13":0,"14":1,"15":0,"16":0,"17":0,"18":0,"19":0,"20":0,"21":0,"22":0,"23":0,"24":1,"25":0,"26":0,"27":0,"28":0,"29":0,"30":0,"31":0,"32":0,"33":0,"34":0,"35":0,"36":0,"37":0,"38":0,"39":0,"40":0,"41":0,"42":0,"43":1,"44":0,"45":0,"46":0,"47":0,"48":0,"49":0,"50":0,"51":0,"52":1,"53":0,"54":0,"55":0,"56":0,"57":0,"58":0,"59":0,"60":0,"61":1,"62":0,"63":0,"64":0,"65":0,"66":0,"67":0,"68":0,"69":0,"70":0,"71":1,"72":0,"73":0,"74":0,"75":0,"76":0,"77":0,"78":0,"79":0,"80":0,"81":1,"82":0,"83":0,"84":0,"85":0,"86":0,"87":0,"88":0,"89":0,"90":1,"91":0,"92":0,"93":0,"94":0,"95":0,"96":0,"97":0,"98":0,"99":1},"f":{"0":0,"1":0,"2":0,"3":0,"4":0,"5":0,"6":0,"7":0,"8":0,"9":0},"b":{"0":[0,0]},"_coverageSchema":"1a1c01bbd47fc00a2c39e90264f33305004495a9","hash":"a0c61cd2ebe8ffd4ab96a127514108ae39359ef7"}
,"C:\\Users\\vedjain\\Desktop\\Scan\\simpleDirectTask\\models\\film.js": {"path":"C:\\Users\\vedjain\\Desktop\\Scan\\simpleDirectTask\\models\\film.js","statementMap":{"0":{"start":{"line":1,"column":40},"end":{"line":1,"column":60}},"1":{"start":{"line":2,"column":21},"end":{"line":2,"column":50}},"2":{"start":{"line":6,"column":0},"end":{"line":57,"column":2}},"3":{"start":{"line":59,"column":0},"end":{"line":65,"column":4}},"4":{"start":{"line":60,"column":4},"end":{"line":64,"column":5}},"5":{"start":{"line":61,"column":6},"end":{"line":61,"column":25}},"6":{"start":{"line":63,"column":6},"end":{"line":63,"column":24}},"7":{"start":{"line":67,"column":0},"end":{"line":67,"column":21}}},"fnMap":{"0":{"name":"(anonymous_0)","decl":{"start":{"line":59,"column":1},"end":{"line":59,"column":2}},"loc":{"start":{"line":59,"column":13},"end":{"line":65,"column":1}},"line":59}},"branchMap":{},"s":{"0":1,"1":1,"2":1,"3":1,"4":1,"5":1,"6":0,"7":1},"f":{"0":1},"b":{},"_coverageSchema":"1a1c01bbd47fc00a2c39e90264f33305004495a9","hash":"d61cee2e994c304cd1593b2f6312222d1e88ac0c"}
,"C:\\Users\\vedjain\\Desktop\\Scan\\simpleDirectTask\\models\\index.js": {"path":"C:\\Users\\vedjain\\Desktop\\Scan\\simpleDirectTask\\models\\index.js","statementMap":{"0":{"start":{"line":1,"column":13},"end":{"line":1,"column":30}},"1":{"start":{"line":2,"column":15},"end":{"line":2,"column":34}},"2":{"start":{"line":3,"column":15},"end":{"line":3,"column":34}},"3":{"start":{"line":4,"column":15},"end":{"line":4,"column":34}},"4":{"start":{"line":5,"column":16},"end":{"line":5,"column":36}},"5":{"start":{"line":6,"column":17},"end":{"line":6,"column":38}},"6":{"start":{"line":8,"column":0},"end":{"line":15,"column":1}}},"fnMap":{},"branchMap":{},"s":{"0":1,"1":1,"2":1,"3":1,"4":1,"5":1,"6":1},"f":{},"b":{},"_coverageSchema":"1a1c01bbd47fc00a2c39e90264f33305004495a9","hash":"4f28a8e01ff5e8ec82c40845036e1df6a176da15"}
,"C:\\Users\\vedjain\\Desktop\\Scan\\simpleDirectTask\\models\\person.js": {"path":"C:\\Users\\vedjain\\Desktop\\Scan\\simpleDirectTask\\models\\person.js","statementMap":{"0":{"start":{"line":1,"column":40},"end":{"line":1,"column":60}},"1":{"start":{"line":2,"column":21},"end":{"line":2,"column":50}},"2":{"start":{"line":3,"column":15},"end":{"line":3,"column":34}},"3":{"start":{"line":7,"column":0},"end":{"line":72,"column":2}},"4":{"start":{"line":74,"column":0},"end":{"line":80,"column":4}},"5":{"start":{"line":75,"column":4},"end":{"line":79,"column":5}},"6":{"start":{"line":76,"column":6},"end":{"line":76,"column":27}},"7":{"start":{"line":78,"column":6},"end":{"line":78,"column":24}},"8":{"start":{"line":82,"column":0},"end":{"line":82,"column":23}}},"fnMap":{"0":{"name":"(anonymous_0)","decl":{"start":{"line":74,"column":1},"end":{"line":74,"column":2}},"loc":{"start":{"line":74,"column":13},"end":{"line":80,"column":1}},"line":74}},"branchMap":{},"s":{"0":1,"1":1,"2":1,"3":1,"4":1,"5":1,"6":1,"7":0,"8":1},"f":{"0":1},"b":{},"_coverageSchema":"1a1c01bbd47fc00a2c39e90264f33305004495a9","hash":"16a455726e856ddcf6978e596cff4cee68c350ea"}
,"C:\\Users\\vedjain\\Desktop\\Scan\\simpleDirectTask\\models\\planet.js": {"path":"C:\\Users\\vedjain\\Desktop\\Scan\\simpleDirectTask\\models\\planet.js","statementMap":{"0":{"start":{"line":1,"column":40},"end":{"line":1,"column":60}},"1":{"start":{"line":2,"column":21},"end":{"line":2,"column":50}},"2":{"start":{"line":6,"column":0},"end":{"line":68,"column":2}},"3":{"start":{"line":69,"column":0},"end":{"line":75,"column":4}},"4":{"start":{"line":70,"column":4},"end":{"line":74,"column":5}},"5":{"start":{"line":71,"column":6},"end":{"line":71,"column":27}},"6":{"start":{"line":73,"column":6},"end":{"line":73,"column":24}},"7":{"start":{"line":77,"column":0},"end":{"line":77,"column":23}}},"fnMap":{"0":{"name":"(anonymous_0)","decl":{"start":{"line":69,"column":1},"end":{"line":69,"column":2}},"loc":{"start":{"line":69,"column":13},"end":{"line":75,"column":1}},"line":69}},"branchMap":{},"s":{"0":1,"1":1,"2":1,"3":1,"4":1,"5":1,"6":0,"7":1},"f":{"0":1},"b":{},"_coverageSchema":"1a1c01bbd47fc00a2c39e90264f33305004495a9","hash":"a25d145e5e89a96c4b90f163a83ee46964dd47ad"}
,"C:\\Users\\vedjain\\Desktop\\Scan\\simpleDirectTask\\models\\specie.js": {"path":"C:\\Users\\vedjain\\Desktop\\Scan\\simpleDirectTask\\models\\specie.js","statementMap":{"0":{"start":{"line":1,"column":40},"end":{"line":1,"column":60}},"1":{"start":{"line":2,"column":21},"end":{"line":2,"column":50}},"2":{"start":{"line":3,"column":15},"end":{"line":3,"column":34}},"3":{"start":{"line":7,"column":0},"end":{"line":72,"column":2}},"4":{"start":{"line":73,"column":0},"end":{"line":79,"column":4}},"5":{"start":{"line":74,"column":4},"end":{"line":78,"column":5}},"6":{"start":{"line":75,"column":6},"end":{"line":75,"column":27}},"7":{"start":{"line":77,"column":6},"end":{"line":77,"column":24}},"8":{"start":{"line":81,"column":0},"end":{"line":81,"column":23}}},"fnMap":{"0":{"name":"(anonymous_0)","decl":{"start":{"line":73,"column":1},"end":{"line":73,"column":2}},"loc":{"start":{"line":73,"column":13},"end":{"line":79,"column":1}},"line":73}},"branchMap":{},"s":{"0":1,"1":1,"2":1,"3":1,"4":1,"5":1,"6":1,"7":0,"8":1},"f":{"0":1},"b":{},"_coverageSchema":"1a1c01bbd47fc00a2c39e90264f33305004495a9","hash":"5ef563682f7ef86239170d0ddbb6d7ba9aec5d7f"}
,"C:\\Users\\vedjain\\Desktop\\Scan\\simpleDirectTask\\models\\starship.js": {"path":"C:\\Users\\vedjain\\Desktop\\Scan\\simpleDirectTask\\models\\starship.js","statementMap":{"0":{"start":{"line":1,"column":40},"end":{"line":1,"column":60}},"1":{"start":{"line":2,"column":21},"end":{"line":2,"column":50}},"2":{"start":{"line":6,"column":0},"end":{"line":84,"column":2}},"3":{"start":{"line":86,"column":0},"end":{"line":92,"column":4}},"4":{"start":{"line":87,"column":4},"end":{"line":91,"column":5}},"5":{"start":{"line":88,"column":6},"end":{"line":88,"column":29}},"6":{"start":{"line":90,"column":6},"end":{"line":90,"column":24}},"7":{"start":{"line":94,"column":0},"end":{"line":94,"column":25}}},"fnMap":{"0":{"name":"(anonymous_0)","decl":{"start":{"line":86,"column":1},"end":{"line":86,"column":2}},"loc":{"start":{"line":86,"column":13},"end":{"line":92,"column":1}},"line":86}},"branchMap":{},"s":{"0":1,"1":1,"2":1,"3":1,"4":1,"5":1,"6":0,"7":1},"f":{"0":1},"b":{},"_coverageSchema":"1a1c01bbd47fc00a2c39e90264f33305004495a9","hash":"d0ab1729d09d086d1fc498177ef2b00518eceefa"}
,"C:\\Users\\vedjain\\Desktop\\Scan\\simpleDirectTask\\models\\vehicle.js": {"path":"C:\\Users\\vedjain\\Desktop\\Scan\\simpleDirectTask\\models\\vehicle.js","statementMap":{"0":{"start":{"line":1,"column":40},"end":{"line":1,"column":60}},"1":{"start":{"line":2,"column":21},"end":{"line":2,"column":50}},"2":{"start":{"line":6,"column":0},"end":{"line":76,"column":2}},"3":{"start":{"line":77,"column":0},"end":{"line":83,"column":4}},"4":{"start":{"line":78,"column":4},"end":{"line":82,"column":5}},"5":{"start":{"line":79,"column":6},"end":{"line":79,"column":28}},"6":{"start":{"line":81,"column":6},"end":{"line":81,"column":24}},"7":{"start":{"line":85,"column":0},"end":{"line":85,"column":24}}},"fnMap":{"0":{"name":"(anonymous_0)","decl":{"start":{"line":77,"column":1},"end":{"line":77,"column":2}},"loc":{"start":{"line":77,"column":13},"end":{"line":83,"column":1}},"line":77}},"branchMap":{},"s":{"0":1,"1":1,"2":1,"3":1,"4":1,"5":1,"6":0,"7":1},"f":{"0":1},"b":{},"_coverageSchema":"1a1c01bbd47fc00a2c39e90264f33305004495a9","hash":"9d0aebb734ea9b5fe864d59d60ae190e799bb7a8"}
}
