TN:
SF:constants.js
FNF:0
FNH:0
DA:1,1
DA:2,1
DA:3,1
DA:4,1
DA:5,1
DA:6,1
DA:8,1
LF:7
LH:7
BRF:0
BRH:0
end_of_record
TN:
SF:index.js
FN:9,(anonymous_0)
FN:20,(anonymous_1)
FN:31,(anonymous_2)
FNF:3
FNH:1
FNDA:1,(anonymous_0)
FNDA:0,(anonymous_1)
FNDA:0,(anonymous_2)
DA:1,1
DA:2,1
DA:3,1
DA:4,1
DA:5,1
DA:6,1
DA:7,1
DA:9,1
DA:10,1
DA:11,1
DA:12,1
DA:14,0
DA:17,1
DA:18,1
DA:19,1
DA:20,0
DA:21,0
DA:22,0
DA:26,1
DA:28,1
DA:29,1
DA:30,1
DA:31,0
DA:32,0
DA:36,1
LF:25
LH:19
BRDA:6,0,0,1
BRDA:6,0,1,1
BRDA:19,1,0,0
BRDA:19,1,1,1
BRDA:30,2,0,0
BRDA:30,2,1,1
BRF:6
BRH:4
end_of_record
TN:
SF:config\axiosConfig.js
FNF:0
FNH:0
DA:1,1
DA:3,1
DA:9,1
LF:3
LH:3
BRF:0
BRH:0
end_of_record
TN:
SF:config\dbConfig.js
FNF:0
FNH:0
DA:1,1
DA:2,1
DA:3,1
DA:5,1
DA:17,1
LF:5
LH:5
BRF:0
BRH:0
end_of_record
TN:
SF:config\routes.js
FN:4,(anonymous_0)
FN:8,(anonymous_1)
FN:37,(anonymous_2)
FNF:3
FNH:3
FNDA:1,(anonymous_0)
FNDA:9,(anonymous_1)
FNDA:1,(anonymous_2)
DA:1,1
DA:2,1
DA:4,1
DA:5,1
DA:8,1
DA:9,9
DA:10,9
DA:11,9
DA:12,9
DA:13,1
DA:14,1
DA:16,8
DA:17,0
DA:19,8
DA:20,1
DA:21,1
DA:23,7
DA:24,7
DA:25,7
DA:26,7
DA:27,7
DA:28,6
DA:30,1
DA:33,0
DA:37,1
DA:38,1
LF:26
LH:24
BRDA:12,0,0,1
BRDA:12,0,1,8
BRDA:16,1,0,0
BRDA:16,1,1,8
BRDA:19,2,0,1
BRDA:19,2,1,7
BRDA:19,3,0,8
BRDA:19,3,1,8
BRDA:23,4,0,7
BRDA:23,4,1,0
BRDA:27,5,0,6
BRDA:27,5,1,1
BRDA:27,6,0,7
BRDA:27,6,1,7
BRF:14
BRH:12
end_of_record
TN:
SF:cron\index.js
FN:5,(anonymous_0)
FN:13,(anonymous_1)
FN:22,(anonymous_2)
FNF:3
FNH:0
FNDA:0,(anonymous_0)
FNDA:0,(anonymous_1)
FNDA:0,(anonymous_2)
DA:1,1
DA:2,1
DA:3,1
DA:5,1
DA:6,0
DA:7,0
DA:8,0
DA:10,0
DA:13,1
DA:14,0
DA:15,0
DA:16,0
DA:17,0
DA:22,1
DA:23,0
DA:24,0
DA:25,0
DA:26,0
DA:27,0
DA:28,0
DA:29,0
DA:30,0
DA:31,0
DA:33,0
DA:34,0
DA:35,0
DA:38,0
DA:39,0
DA:42,0
DA:43,0
DA:45,0
DA:49,1
LF:32
LH:7
BRDA:7,0,0,0
BRDA:7,0,1,0
BRDA:16,1,0,0
BRDA:16,1,1,0
BRDA:16,2,0,0
BRDA:16,2,1,0
BRDA:30,3,0,0
BRDA:30,3,1,0
BRDA:30,4,0,0
BRDA:30,4,1,0
BRDA:33,5,0,0
BRDA:33,5,1,0
BRDA:33,6,0,0
BRDA:33,6,1,0
BRF:14
BRH:0
end_of_record
TN:
SF:dao\queryDao.js
FN:13,(anonymous_0)
FNF:1
FNH:1
FNDA:7,(anonymous_0)
DA:1,1
DA:2,1
DA:4,1
DA:5,1
DA:6,1
DA:7,1
DA:8,1
DA:9,1
DA:11,1
DA:13,1
DA:14,7
DA:16,2
DA:28,0
DA:30,1
DA:42,0
DA:44,1
DA:56,0
DA:58,1
DA:70,0
DA:72,1
DA:84,0
DA:86,1
DA:98,0
DA:100,0
DA:104,1
LF:25
LH:18
BRDA:14,0,0,2
BRDA:14,0,1,1
BRDA:14,0,2,1
BRDA:14,0,3,1
BRDA:14,0,4,1
BRDA:14,0,5,1
BRDA:14,0,6,0
BRF:7
BRH:6
end_of_record
TN:
SF:dao\syncDb.js
FN:10,(anonymous_0)
FN:19,(anonymous_1)
FN:21,(anonymous_2)
FN:32,(anonymous_3)
FN:53,(anonymous_4)
FN:74,(anonymous_5)
FN:98,(anonymous_6)
FN:122,(anonymous_7)
FN:146,(anonymous_8)
FN:172,(anonymous_9)
FNF:10
FNH:0
FNDA:0,(anonymous_0)
FNDA:0,(anonymous_1)
FNDA:0,(anonymous_2)
FNDA:0,(anonymous_3)
FNDA:0,(anonymous_4)
FNDA:0,(anonymous_5)
FNDA:0,(anonymous_6)
FNDA:0,(anonymous_7)
FNDA:0,(anonymous_8)
FNDA:0,(anonymous_9)
DA:1,1
DA:2,1
DA:3,1
DA:4,1
DA:5,1
DA:6,1
DA:7,1
DA:8,1
DA:10,1
DA:11,0
DA:12,0
DA:14,0
DA:15,0
DA:16,0
DA:19,1
DA:20,0
DA:21,0
DA:22,0
DA:23,0
DA:24,0
DA:25,0
DA:26,0
DA:27,0
DA:28,0
DA:32,1
DA:33,0
DA:34,0
DA:35,0
DA:36,0
DA:37,0
DA:38,0
DA:39,0
DA:40,0
DA:41,0
DA:42,0
DA:43,0
DA:44,0
DA:45,0
DA:46,0
DA:47,0
DA:48,0
DA:49,0
DA:50,0
DA:53,1
DA:54,0
DA:55,0
DA:56,0
DA:57,0
DA:68,0
DA:69,0
DA:71,0
DA:74,1
DA:75,0
DA:76,0
DA:77,0
DA:78,0
DA:92,0
DA:93,0
DA:95,0
DA:98,1
DA:99,0
DA:100,0
DA:101,0
DA:102,0
DA:115,0
DA:116,0
DA:117,0
DA:119,0
DA:122,1
DA:123,0
DA:124,0
DA:125,0
DA:126,0
DA:139,0
DA:140,0
DA:141,0
DA:143,0
DA:146,1
DA:147,0
DA:148,0
DA:149,0
DA:150,0
DA:166,0
DA:167,0
DA:169,0
DA:172,1
DA:173,0
DA:174,0
DA:175,0
DA:176,0
DA:194,0
DA:195,0
DA:197,0
DA:200,1
LF:94
LH:18
BRDA:11,0,0,0
BRDA:11,0,1,0
BRF:2
BRH:0
end_of_record
TN:
SF:models\film.js
FN:59,(anonymous_0)
FNF:1
FNH:1
FNDA:1,(anonymous_0)
DA:1,1
DA:2,1
DA:6,1
DA:59,1
DA:60,1
DA:61,1
DA:63,0
DA:67,1
LF:8
LH:7
BRF:0
BRH:0
end_of_record
TN:
SF:models\index.js
FNF:0
FNH:0
DA:1,1
DA:2,1
DA:3,1
DA:4,1
DA:5,1
DA:6,1
DA:8,1
LF:7
LH:7
BRF:0
BRH:0
end_of_record
TN:
SF:models\person.js
FN:74,(anonymous_0)
FNF:1
FNH:1
FNDA:1,(anonymous_0)
DA:1,1
DA:2,1
DA:3,1
DA:7,1
DA:74,1
DA:75,1
DA:76,1
DA:78,0
DA:82,1
LF:9
LH:8
BRF:0
BRH:0
end_of_record
TN:
SF:models\planet.js
FN:69,(anonymous_0)
FNF:1
FNH:1
FNDA:1,(anonymous_0)
DA:1,1
DA:2,1
DA:6,1
DA:69,1
DA:70,1
DA:71,1
DA:73,0
DA:77,1
LF:8
LH:7
BRF:0
BRH:0
end_of_record
TN:
SF:models\specie.js
FN:73,(anonymous_0)
FNF:1
FNH:1
FNDA:1,(anonymous_0)
DA:1,1
DA:2,1
DA:3,1
DA:7,1
DA:73,1
DA:74,1
DA:75,1
DA:77,0
DA:81,1
LF:9
LH:8
BRF:0
BRH:0
end_of_record
TN:
SF:models\starship.js
FN:86,(anonymous_0)
FNF:1
FNH:1
FNDA:1,(anonymous_0)
DA:1,1
DA:2,1
DA:6,1
DA:86,1
DA:87,1
DA:88,1
DA:90,0
DA:94,1
LF:8
LH:7
BRF:0
BRH:0
end_of_record
TN:
SF:models\vehicle.js
FN:77,(anonymous_0)
FNF:1
FNH:1
FNDA:1,(anonymous_0)
DA:1,1
DA:2,1
DA:6,1
DA:77,1
DA:78,1
DA:79,1
DA:81,0
DA:85,1
LF:8
LH:7
BRF:0
BRH:0
end_of_record
